[debug] [2018-03-09T01:27:52.017Z] ----------------------------------------------------------------------
[debug] [2018-03-09T01:27:52.022Z] Command:       /usr/local/Cellar/node/9.4.0/bin/node /usr/local/bin/firebase serve
[debug] [2018-03-09T01:27:52.022Z] CLI Version:   3.17.5
[debug] [2018-03-09T01:27:52.022Z] Platform:      darwin
[debug] [2018-03-09T01:27:52.022Z] Node Version:  v9.4.0
[debug] [2018-03-09T01:27:52.024Z] Time:          Thu Mar 08 2018 19:27:52 GMT-0600 (CST)
[debug] [2018-03-09T01:27:52.024Z] ----------------------------------------------------------------------
[debug] 
[debug] [2018-03-09T01:27:52.048Z] > command requires scopes: ["email","openid","https://www.googleapis.com/auth/cloudplatformprojects.readonly","https://www.googleapis.com/auth/firebase","https://www.googleapis.com/auth/cloud-platform"]
[debug] [2018-03-09T01:27:52.049Z] > authorizing via signed-in user
[debug] [2018-03-09T01:27:52.053Z] >>> HTTP REQUEST GET https://admin.firebase.com/v1/projects/introfirebase7-2  
  
 Thu Mar 08 2018 19:27:52 GMT-0600 (CST)
[debug] [2018-03-09T01:27:52.530Z] <<< HTTP RESPONSE 200
[debug] [2018-03-09T01:27:52.532Z] >>> HTTP REQUEST GET https://admin.firebase.com/v1/database/introfirebase7-2/tokens  
  
 Thu Mar 08 2018 19:27:52 GMT-0600 (CST)
[debug] [2018-03-09T01:27:52.847Z] <<< HTTP RESPONSE 200
[debug] [2018-03-09T01:27:52.849Z] >>> HTTP REQUEST GET https://cloudresourcemanager.googleapis.com/v1/projects/introfirebase7-2  
  
 Thu Mar 08 2018 19:27:52 GMT-0600 (CST)
[debug] [2018-03-09T01:27:53.072Z] <<< HTTP RESPONSE 200
[info] 
[info] === Serving from '/Users/ivansaucedo/Desktop/code/class-notes/7.x/7.2/firebase'...
[info] 
[debug] [2018-03-09T01:27:53.076Z] >>> HTTP REQUEST GET https://mobilesdk-pa.googleapis.com/v1/projects/63364815717/clients/_:getWebAppConfig  
  
 Thu Mar 08 2018 19:27:53 GMT-0600 (CST)
[debug] [2018-03-09T01:27:53.424Z] <<< HTTP RESPONSE 200
[info] i  hosting: Serving hosting files from: public
[info] ✔  hosting: Local server: http://localhost:5000

